2026-06-16 13:28:01 | starting backup of /home/keepitup/os-lab-automation/project
2026-06-16 13:28:01 | created archive /home/keepitup/os-lab-automation/backups/project_20260616_132801.tar.gz
2026-06-16 13:28:01 | no old archives to prune
2026-06-16 13:28:01 | backup finished successfully
2026-06-16 13:28:05 | starting backup of /home/keepitup/os-lab-automation/project
2026-06-16 13:28:05 | created archive /home/keepitup/os-lab-automation/backups/project_20260616_132805.tar.gz
2026-06-16 13:28:05 | no old archives to prune
2026-06-16 13:28:05 | backup finished successfully
2026-06-16 13:28:07 | starting backup of /home/keepitup/os-lab-automation/project
2026-06-16 13:28:07 | created archive /home/keepitup/os-lab-automation/backups/project_20260616_132807.tar.gz
2026-06-16 13:28:07 | no old archives to prune
2026-06-16 13:28:07 | backup finished successfully
2026-06-16 13:28:13 | starting backup of /home/keepitup/os-lab-automation/project
2026-06-16 13:28:13 | created archive /home/keepitup/os-lab-automation/backups/project_20260616_132813.tar.gz
2026-06-16 13:28:13 | pruned old archive /home/keepitup/os-lab-automation/backups/project_20260616_132801.tar.gz
2026-06-16 13:28:13 | backup finished successfully
2026-06-16 13:54:01 | starting backup of /home/keepitup/os-lab-automation/project
2026-06-16 13:54:01 | created archive /home/keepitup/os-lab-automation/backups/project_20260616_135401.tar.gz
2026-06-16 13:54:01 | pruned old archive /home/keepitup/os-lab-automation/backups/project_20260616_132805.tar.gz
2026-06-16 13:54:01 | backup finished successfully
2026-06-16 13:56:01 | starting backup of /home/keepitup/os-lab-automation/project
2026-06-16 13:56:01 | created archive /home/keepitup/os-lab-automation/backups/project_20260616_135601.tar.gz
2026-06-16 13:56:01 | pruned old archive /home/keepitup/os-lab-automation/backups/project_20260616_132807.tar.gz
2026-06-16 13:56:01 | backup finished successfully
2026-06-16 13:58:01 | starting backup of /home/keepitup/os-lab-automation/project
2026-06-16 13:58:01 | created archive /home/keepitup/os-lab-automation/backups/project_20260616_135801.tar.gz
2026-06-16 13:58:01 | pruned old archive /home/keepitup/os-lab-automation/backups/project_20260616_132813.tar.gz
2026-06-16 13:58:01 | backup finished successfully
2026-06-16 14:00:01 | starting backup of /home/keepitup/os-lab-automation/project
2026-06-16 14:00:01 | created archive /home/keepitup/os-lab-automation/backups/project_20260616_140001.tar.gz
2026-06-16 14:00:01 | pruned old archive /home/keepitup/os-lab-automation/backups/project_20260616_135401.tar.gz
2026-06-16 14:00:01 | backup finished successfully
2026-06-16 14:02:01 | starting backup of /home/keepitup/os-lab-automation/project
2026-06-16 14:02:01 | created archive /home/keepitup/os-lab-automation/backups/project_20260616_140201.tar.gz
2026-06-16 14:02:01 | pruned old archive /home/keepitup/os-lab-automation/backups/project_20260616_135601.tar.gz
2026-06-16 14:02:01 | backup finished successfully
2026-06-16 14:04:01 | starting backup of /home/keepitup/os-lab-automation/project
2026-06-16 14:04:01 | created archive /home/keepitup/os-lab-automation/backups/project_20260616_140401.tar.gz
2026-06-16 14:04:01 | pruned old archive /home/keepitup/os-lab-automation/backups/project_20260616_135801.tar.gz
2026-06-16 14:04:01 | backup finished successfully
2026-06-16 14:06:01 | starting backup of /home/keepitup/os-lab-automation/project
2026-06-16 14:06:01 | created archive /home/keepitup/os-lab-automation/backups/project_20260616_140601.tar.gz
2026-06-16 14:06:01 | pruned old archive /home/keepitup/os-lab-automation/backups/project_20260616_140001.tar.gz
2026-06-16 14:06:01 | backup finished successfully
2026-06-16 14:08:01 | starting backup of /home/keepitup/os-lab-automation/project
2026-06-16 14:08:01 | created archive /home/keepitup/os-lab-automation/backups/project_20260616_140801.tar.gz
2026-06-16 14:08:01 | pruned old archive /home/keepitup/os-lab-automation/backups/project_20260616_140201.tar.gz
2026-06-16 14:08:01 | backup finished successfully
2026-06-16 14:10:01 | starting backup of /home/keepitup/os-lab-automation/project
2026-06-16 14:10:01 | created archive /home/keepitup/os-lab-automation/backups/project_20260616_141001.tar.gz
2026-06-16 14:10:01 | pruned old archive /home/keepitup/os-lab-automation/backups/project_20260616_140401.tar.gz
2026-06-16 14:10:01 | backup finished successfully
2026-06-16 14:12:01 | starting backup of /home/keepitup/os-lab-automation/project
2026-06-16 14:12:01 | created archive /home/keepitup/os-lab-automation/backups/project_20260616_141201.tar.gz
2026-06-16 14:12:01 | pruned old archive /home/keepitup/os-lab-automation/backups/project_20260616_140601.tar.gz
2026-06-16 14:12:01 | backup finished successfully
2026-06-16 14:14:02 | starting backup of /home/keepitup/os-lab-automation/project
2026-06-16 14:14:02 | created archive /home/keepitup/os-lab-automation/backups/project_20260616_141402.tar.gz
2026-06-16 14:14:02 | pruned old archive /home/keepitup/os-lab-automation/backups/project_20260616_140801.tar.gz
2026-06-16 14:14:02 | backup finished successfully
2026-06-16 14:16:01 | starting backup of /home/keepitup/os-lab-automation/project
2026-06-16 14:16:01 | created archive /home/keepitup/os-lab-automation/backups/project_20260616_141601.tar.gz
2026-06-16 14:16:01 | pruned old archive /home/keepitup/os-lab-automation/backups/project_20260616_141001.tar.gz
2026-06-16 14:16:01 | backup finished successfully
2026-06-16 14:18:01 | starting backup of /home/keepitup/os-lab-automation/project
2026-06-16 14:18:01 | created archive /home/keepitup/os-lab-automation/backups/project_20260616_141801.tar.gz
2026-06-16 14:18:01 | pruned old archive /home/keepitup/os-lab-automation/backups/project_20260616_141201.tar.gz
2026-06-16 14:18:01 | backup finished successfully
2026-06-16 14:20:01 | starting backup of /home/keepitup/os-lab-automation/project
2026-06-16 14:20:01 | created archive /home/keepitup/os-lab-automation/backups/project_20260616_142001.tar.gz
2026-06-16 14:20:01 | pruned old archive /home/keepitup/os-lab-automation/backups/project_20260616_141402.tar.gz
2026-06-16 14:20:01 | backup finished successfully
